-- The C compiler identification is GNU 11.2.0
-- The CXX compiler identification is GNU 11.2.0
-- Detecting C compiler ABI info
-- Detecting C compiler ABI info - done
-- Check for working C compiler: /usr/bin/cc - skipped
-- Detecting C compile features
-- Detecting C compile features - done
-- Detecting CXX compiler ABI info
-- Detecting CXX compiler ABI info - done
-- Check for working CXX compiler: /usr/bin/c++ - skipped
-- Detecting CXX compile features
-- Detecting CXX compile features - done
-- Found ament_cmake: 1.3.2 (/opt/ros/humble/share/ament_cmake/cmake)
-- Found Python3: /usr/bin/python3.10 (found version "3.10.6") found components: Interpreter 
-- Found rclcpp: 16.0.1 (/opt/ros/humble/share/rclcpp/cmake)
-- Found rosidl_generator_c: 3.1.3 (/opt/ros/humble/share/rosidl_generator_c/cmake)
-- Found rosidl_adapter: 3.1.3 (/opt/ros/humble/share/rosidl_adapter/cmake)
-- Found rosidl_generator_cpp: 3.1.3 (/opt/ros/humble/share/rosidl_generator_cpp/cmake)
-- Using all available rosidl_typesupport_c: rosidl_typesupport_fastrtps_c;rosidl_typesupport_introspection_c
-- Using all available rosidl_typesupport_cpp: rosidl_typesupport_fastrtps_cpp;rosidl_typesupport_introspection_cpp
-- Found rmw_implementation_cmake: 6.1.0 (/opt/ros/humble/share/rmw_implementation_cmake/cmake)
-- Found rmw_fastrtps_cpp: 6.2.1 (/opt/ros/humble/share/rmw_fastrtps_cpp/cmake)
-- Found OpenSSL: /usr/lib/x86_64-linux-gnu/libcrypto.so (found version "3.0.2")  
-- Found FastRTPS: /opt/ros/humble/include  
-- Using RMW implementation 'rmw_fastrtps_cpp' as default
-- Found example_interfaces: 0.9.3 (/opt/ros/humble/share/example_interfaces/cmake)
-- Configuring done
-- Generating done
-- Build files have been written to: /home/yevgeniy/Documents/GitHub/ros2_humble_examples/service_client/build/service_client
[ 50%] [32mBuilding CXX object CMakeFiles/server.dir/src/add_two_ints_server.cpp.o[0m
[ 50%] [32mBuilding CXX object CMakeFiles/client.dir/src/add_two_ints_client.cpp.o[0m
[ 75%] [32m[1mLinking CXX executable server[0m
[100%] [32m[1mLinking CXX executable client[0m
[100%] Built target server
[100%] Built target client
-- Install configuration: ""
-- Installing: /home/yevgeniy/Documents/GitHub/ros2_humble_examples/service_client/install/service_client/lib/service_client/server
-- Set runtime path of "/home/yevgeniy/Documents/GitHub/ros2_humble_examples/service_client/install/service_client/lib/service_client/server" to ""
-- Installing: /home/yevgeniy/Documents/GitHub/ros2_humble_examples/service_client/install/service_client/lib/service_client/client
-- Set runtime path of "/home/yevgeniy/Documents/GitHub/ros2_humble_examples/service_client/install/service_client/lib/service_client/client" to ""
-- Installing: /home/yevgeniy/Documents/GitHub/ros2_humble_examples/service_client/install/service_client/share/ament_index/resource_index/package_run_dependencies/service_client
-- Installing: /home/yevgeniy/Documents/GitHub/ros2_humble_examples/service_client/install/service_client/share/ament_index/resource_index/parent_prefix_path/service_client
-- Installing: /home/yevgeniy/Documents/GitHub/ros2_humble_examples/service_client/install/service_client/share/service_client/environment/ament_prefix_path.sh
-- Installing: /home/yevgeniy/Documents/GitHub/ros2_humble_examples/service_client/install/service_client/share/service_client/environment/ament_prefix_path.dsv
-- Installing: /home/yevgeniy/Documents/GitHub/ros2_humble_examples/service_client/install/service_client/share/service_client/environment/path.sh
-- Installing: /home/yevgeniy/Documents/GitHub/ros2_humble_examples/service_client/install/service_client/share/service_client/environment/path.dsv
-- Installing: /home/yevgeniy/Documents/GitHub/ros2_humble_examples/service_client/install/service_client/share/service_client/local_setup.bash
-- Installing: /home/yevgeniy/Documents/GitHub/ros2_humble_examples/service_client/install/service_client/share/service_client/local_setup.sh
-- Installing: /home/yevgeniy/Documents/GitHub/ros2_humble_examples/service_client/install/service_client/share/service_client/local_setup.zsh
-- Installing: /home/yevgeniy/Documents/GitHub/ros2_humble_examples/service_client/install/service_client/share/service_client/local_setup.dsv
-- Installing: /home/yevgeniy/Documents/GitHub/ros2_humble_examples/service_client/install/service_client/share/service_client/package.dsv
-- Installing: /home/yevgeniy/Documents/GitHub/ros2_humble_examples/service_client/install/service_client/share/ament_index/resource_index/packages/service_client
-- Installing: /home/yevgeniy/Documents/GitHub/ros2_humble_examples/service_client/install/service_client/share/service_client/cmake/service_clientConfig.cmake
-- Installing: /home/yevgeniy/Documents/GitHub/ros2_humble_examples/service_client/install/service_client/share/service_client/cmake/service_clientConfig-version.cmake
-- Installing: /home/yevgeniy/Documents/GitHub/ros2_humble_examples/service_client/install/service_client/share/service_client/package.xml
