[0.007s] Invoking command in '/home/yevgeniy/Documents/GitHub/ros2_humble_examples/service_client/build/service_client': CMAKE_PREFIX_PATH=/opt/ros/humble /usr/bin/cmake /home/yevgeniy/Documents/GitHub/ros2_humble_examples/service_client -DCMAKE_INSTALL_PREFIX=/home/yevgeniy/Documents/GitHub/ros2_humble_examples/service_client/install/service_client
[0.041s] -- The C compiler identification is GNU 11.2.0
[0.075s] -- The CXX compiler identification is GNU 11.2.0
[0.080s] -- Detecting C compiler ABI info
[0.124s] -- Detecting C compiler ABI info - done
[0.128s] -- Check for working C compiler: /usr/bin/cc - skipped
[0.128s] -- Detecting C compile features
[0.129s] -- Detecting C compile features - done
[0.130s] -- Detecting CXX compiler ABI info
[0.172s] -- Detecting CXX compiler ABI info - done
[0.179s] -- Check for working CXX compiler: /usr/bin/c++ - skipped
[0.180s] -- Detecting CXX compile features
[0.180s] -- Detecting CXX compile features - done
[0.182s] -- Found ament_cmake: 1.3.2 (/opt/ros/humble/share/ament_cmake/cmake)
[0.289s] -- Found Python3: /usr/bin/python3.10 (found version "3.10.6") found components: Interpreter 
[0.337s] -- Found rclcpp: 16.0.1 (/opt/ros/humble/share/rclcpp/cmake)
[0.362s] -- Found rosidl_generator_c: 3.1.3 (/opt/ros/humble/share/rosidl_generator_c/cmake)
[0.364s] -- Found rosidl_adapter: 3.1.3 (/opt/ros/humble/share/rosidl_adapter/cmake)
[0.369s] -- Found rosidl_generator_cpp: 3.1.3 (/opt/ros/humble/share/rosidl_generator_cpp/cmake)
[0.376s] -- Using all available rosidl_typesupport_c: rosidl_typesupport_fastrtps_c;rosidl_typesupport_introspection_c
[0.386s] -- Using all available rosidl_typesupport_cpp: rosidl_typesupport_fastrtps_cpp;rosidl_typesupport_introspection_cpp
[0.427s] -- Found rmw_implementation_cmake: 6.1.0 (/opt/ros/humble/share/rmw_implementation_cmake/cmake)
[0.429s] -- Found rmw_fastrtps_cpp: 6.2.1 (/opt/ros/humble/share/rmw_fastrtps_cpp/cmake)
[0.492s] -- Found OpenSSL: /usr/lib/x86_64-linux-gnu/libcrypto.so (found version "3.0.2")  
[0.510s] -- Found FastRTPS: /opt/ros/humble/include  
[0.540s] -- Using RMW implementation 'rmw_fastrtps_cpp' as default
[0.640s] -- Found example_interfaces: 0.9.3 (/opt/ros/humble/share/example_interfaces/cmake)
[0.776s] -- Configuring done
[0.782s] -- Generating done
[0.783s] -- Build files have been written to: /home/yevgeniy/Documents/GitHub/ros2_humble_examples/service_client/build/service_client
[0.790s] Invoked command in '/home/yevgeniy/Documents/GitHub/ros2_humble_examples/service_client/build/service_client' returned '0': CMAKE_PREFIX_PATH=/opt/ros/humble /usr/bin/cmake /home/yevgeniy/Documents/GitHub/ros2_humble_examples/service_client -DCMAKE_INSTALL_PREFIX=/home/yevgeniy/Documents/GitHub/ros2_humble_examples/service_client/install/service_client
[0.791s] Invoking command in '/home/yevgeniy/Documents/GitHub/ros2_humble_examples/service_client/build/service_client': CMAKE_PREFIX_PATH=/opt/ros/humble /usr/bin/cmake --build /home/yevgeniy/Documents/GitHub/ros2_humble_examples/service_client/build/service_client -- -j20 -l20
[0.815s] [ 50%] [32mBuilding CXX object CMakeFiles/server.dir/src/add_two_ints_server.cpp.o[0m
[0.815s] [ 50%] [32mBuilding CXX object CMakeFiles/client.dir/src/add_two_ints_client.cpp.o[0m
[2.600s] [ 75%] [32m[1mLinking CXX executable server[0m
[2.648s] [100%] [32m[1mLinking CXX executable client[0m
[2.682s] [100%] Built target server
[2.734s] [100%] Built target client
[2.740s] Invoked command in '/home/yevgeniy/Documents/GitHub/ros2_humble_examples/service_client/build/service_client' returned '0': CMAKE_PREFIX_PATH=/opt/ros/humble /usr/bin/cmake --build /home/yevgeniy/Documents/GitHub/ros2_humble_examples/service_client/build/service_client -- -j20 -l20
[2.756s] Invoking command in '/home/yevgeniy/Documents/GitHub/ros2_humble_examples/service_client/build/service_client': CMAKE_PREFIX_PATH=/opt/ros/humble /usr/bin/cmake --install /home/yevgeniy/Documents/GitHub/ros2_humble_examples/service_client/build/service_client
[2.759s] -- Install configuration: ""
[2.759s] -- Installing: /home/yevgeniy/Documents/GitHub/ros2_humble_examples/service_client/install/service_client/lib/service_client/server
[2.760s] -- Set runtime path of "/home/yevgeniy/Documents/GitHub/ros2_humble_examples/service_client/install/service_client/lib/service_client/server" to ""
[2.760s] -- Installing: /home/yevgeniy/Documents/GitHub/ros2_humble_examples/service_client/install/service_client/lib/service_client/client
[2.760s] -- Set runtime path of "/home/yevgeniy/Documents/GitHub/ros2_humble_examples/service_client/install/service_client/lib/service_client/client" to ""
[2.760s] -- Installing: /home/yevgeniy/Documents/GitHub/ros2_humble_examples/service_client/install/service_client/share/ament_index/resource_index/package_run_dependencies/service_client
[2.760s] -- Installing: /home/yevgeniy/Documents/GitHub/ros2_humble_examples/service_client/install/service_client/share/ament_index/resource_index/parent_prefix_path/service_client
[2.761s] -- Installing: /home/yevgeniy/Documents/GitHub/ros2_humble_examples/service_client/install/service_client/share/service_client/environment/ament_prefix_path.sh
[2.761s] -- Installing: /home/yevgeniy/Documents/GitHub/ros2_humble_examples/service_client/install/service_client/share/service_client/environment/ament_prefix_path.dsv
[2.761s] -- Installing: /home/yevgeniy/Documents/GitHub/ros2_humble_examples/service_client/install/service_client/share/service_client/environment/path.sh
[2.761s] -- Installing: /home/yevgeniy/Documents/GitHub/ros2_humble_examples/service_client/install/service_client/share/service_client/environment/path.dsv
[2.761s] -- Installing: /home/yevgeniy/Documents/GitHub/ros2_humble_examples/service_client/install/service_client/share/service_client/local_setup.bash
[2.761s] -- Installing: /home/yevgeniy/Documents/GitHub/ros2_humble_examples/service_client/install/service_client/share/service_client/local_setup.sh
[2.761s] -- Installing: /home/yevgeniy/Documents/GitHub/ros2_humble_examples/service_client/install/service_client/share/service_client/local_setup.zsh
[2.761s] -- Installing: /home/yevgeniy/Documents/GitHub/ros2_humble_examples/service_client/install/service_client/share/service_client/local_setup.dsv
[2.761s] -- Installing: /home/yevgeniy/Documents/GitHub/ros2_humble_examples/service_client/install/service_client/share/service_client/package.dsv
[2.761s] -- Installing: /home/yevgeniy/Documents/GitHub/ros2_humble_examples/service_client/install/service_client/share/ament_index/resource_index/packages/service_client
[2.761s] -- Installing: /home/yevgeniy/Documents/GitHub/ros2_humble_examples/service_client/install/service_client/share/service_client/cmake/service_clientConfig.cmake
[2.761s] -- Installing: /home/yevgeniy/Documents/GitHub/ros2_humble_examples/service_client/install/service_client/share/service_client/cmake/service_clientConfig-version.cmake
[2.761s] -- Installing: /home/yevgeniy/Documents/GitHub/ros2_humble_examples/service_client/install/service_client/share/service_client/package.xml
[2.762s] Invoked command in '/home/yevgeniy/Documents/GitHub/ros2_humble_examples/service_client/build/service_client' returned '0': CMAKE_PREFIX_PATH=/opt/ros/humble /usr/bin/cmake --install /home/yevgeniy/Documents/GitHub/ros2_humble_examples/service_client/build/service_client
