[0.140s] DEBUG:colcon:Command line arguments: ['/usr/bin/colcon', 'build', '--packages-select', 'service_client']
[0.140s] DEBUG:colcon:Parsed command line arguments: Namespace(log_base=None, log_level=None, verb_name='build', build_base='build', install_base='install', merge_install=False, symlink_install=False, test_result_base=None, continue_on_error=False, executor='parallel', parallel_workers=20, event_handlers=None, ignore_user_meta=False, metas=['./colcon.meta'], base_paths=['.'], packages_ignore=None, packages_ignore_regex=None, paths=None, packages_up_to=None, packages_up_to_regex=None, packages_above=None, packages_above_and_dependencies=None, packages_above_depth=None, packages_select_by_dep=None, packages_skip_by_dep=None, packages_skip_up_to=None, packages_select_build_failed=False, packages_skip_build_finished=False, packages_select_test_failures=False, packages_skip_test_passed=False, packages_select=['service_client'], packages_skip=None, packages_select_regex=None, packages_skip_regex=None, packages_start=None, packages_end=None, allow_overriding=[], cmake_args=None, cmake_target=None, cmake_target_skip_unavailable=False, cmake_clean_cache=False, cmake_clean_first=False, cmake_force_configure=False, ament_cmake_args=None, catkin_cmake_args=None, catkin_skip_building_tests=False, verb_parser=<colcon_defaults.argument_parser.defaults.DefaultArgumentsDecorator object at 0x7f9d93dc5c90>, verb_extension=<colcon_core.verb.build.BuildVerb object at 0x7f9d947356c0>, main=<bound method BuildVerb.main of <colcon_core.verb.build.BuildVerb object at 0x7f9d947356c0>>)
[0.152s] Level 1:colcon.colcon_core.package_discovery:discover_packages(colcon_meta) check parameters
[0.152s] Level 1:colcon.colcon_core.package_discovery:discover_packages(recursive) check parameters
[0.152s] Level 1:colcon.colcon_core.package_discovery:discover_packages(ignore) check parameters
[0.152s] Level 1:colcon.colcon_core.package_discovery:discover_packages(path) check parameters
[0.152s] Level 1:colcon.colcon_core.package_discovery:discover_packages(colcon_meta) discover
[0.152s] Level 1:colcon.colcon_core.package_discovery:discover_packages(recursive) discover
[0.152s] INFO:colcon.colcon_core.package_discovery:Crawling recursively for packages in '/home/yevgeniy/Documents/GitHub/ros2_humble_examples/service_client'
[0.152s] Level 1:colcon.colcon_core.package_identification:_identify(.) by extensions ['ignore', 'ignore_ament_install']
[0.153s] Level 1:colcon.colcon_core.package_identification:_identify(.) by extension 'ignore'
[0.153s] Level 1:colcon.colcon_core.package_identification:_identify(.) by extension 'ignore_ament_install'
[0.153s] Level 1:colcon.colcon_core.package_identification:_identify(.) by extensions ['colcon_pkg']
[0.153s] Level 1:colcon.colcon_core.package_identification:_identify(.) by extension 'colcon_pkg'
[0.153s] Level 1:colcon.colcon_core.package_identification:_identify(.) by extensions ['colcon_meta']
[0.153s] Level 1:colcon.colcon_core.package_identification:_identify(.) by extension 'colcon_meta'
[0.153s] Level 1:colcon.colcon_core.package_identification:_identify(.) by extensions ['ros']
[0.153s] Level 1:colcon.colcon_core.package_identification:_identify(.) by extension 'ros'
[0.165s] DEBUG:colcon.colcon_core.package_identification:Package '.' with type 'ros.ament_cmake' and name 'service_client'
[0.165s] Level 1:colcon.colcon_core.package_discovery:discover_packages(recursive) using defaults
[0.166s] Level 1:colcon.colcon_core.package_discovery:discover_packages(ignore) discover
[0.166s] Level 1:colcon.colcon_core.package_discovery:discover_packages(ignore) using defaults
[0.166s] Level 1:colcon.colcon_core.package_discovery:discover_packages(path) discover
[0.166s] Level 1:colcon.colcon_core.package_discovery:discover_packages(path) using defaults
[0.178s] Level 1:colcon.colcon_core.package_discovery:discover_packages(prefix_path) check parameters
[0.178s] Level 1:colcon.colcon_core.package_discovery:discover_packages(prefix_path) discover
[0.180s] DEBUG:colcon.colcon_installed_package_information.package_discovery:Found 319 installed packages in /opt/ros/humble
[0.181s] Level 1:colcon.colcon_core.package_discovery:discover_packages(prefix_path) using defaults
[0.213s] Level 5:colcon.colcon_core.verb:set package 'service_client' build argument 'cmake_args' from command line to 'None'
[0.213s] Level 5:colcon.colcon_core.verb:set package 'service_client' build argument 'cmake_target' from command line to 'None'
[0.213s] Level 5:colcon.colcon_core.verb:set package 'service_client' build argument 'cmake_target_skip_unavailable' from command line to 'False'
[0.213s] Level 5:colcon.colcon_core.verb:set package 'service_client' build argument 'cmake_clean_cache' from command line to 'False'
[0.213s] Level 5:colcon.colcon_core.verb:set package 'service_client' build argument 'cmake_clean_first' from command line to 'False'
[0.213s] Level 5:colcon.colcon_core.verb:set package 'service_client' build argument 'cmake_force_configure' from command line to 'False'
[0.213s] Level 5:colcon.colcon_core.verb:set package 'service_client' build argument 'ament_cmake_args' from command line to 'None'
[0.213s] Level 5:colcon.colcon_core.verb:set package 'service_client' build argument 'catkin_cmake_args' from command line to 'None'
[0.213s] Level 5:colcon.colcon_core.verb:set package 'service_client' build argument 'catkin_skip_building_tests' from command line to 'False'
[0.213s] DEBUG:colcon.colcon_core.verb:Building package 'service_client' with the following arguments: {'ament_cmake_args': None, 'build_base': '/home/yevgeniy/Documents/GitHub/ros2_humble_examples/service_client/build/service_client', 'catkin_cmake_args': None, 'catkin_skip_building_tests': False, 'cmake_args': None, 'cmake_clean_cache': False, 'cmake_clean_first': False, 'cmake_force_configure': False, 'cmake_target': None, 'cmake_target_skip_unavailable': False, 'install_base': '/home/yevgeniy/Documents/GitHub/ros2_humble_examples/service_client/install/service_client', 'merge_install': False, 'path': '/home/yevgeniy/Documents/GitHub/ros2_humble_examples/service_client', 'symlink_install': False, 'test_result_base': None}
[0.214s] INFO:colcon.colcon_core.executor:Executing jobs using 'parallel' executor
[0.216s] DEBUG:colcon.colcon_parallel_executor.executor.parallel:run_until_complete
[0.216s] INFO:colcon.colcon_ros.task.ament_cmake.build:Building ROS package in '/home/yevgeniy/Documents/GitHub/ros2_humble_examples/service_client' with build type 'ament_cmake'
[0.216s] INFO:colcon.colcon_cmake.task.cmake.build:Building CMake package in '/home/yevgeniy/Documents/GitHub/ros2_humble_examples/service_client'
[0.218s] INFO:colcon.colcon_core.plugin_system:Skipping extension 'colcon_core.shell.bat': Not used on non-Windows systems
[0.218s] INFO:colcon.colcon_core.shell:Skip shell extension 'powershell' for command environment: Not usable outside of PowerShell
[0.218s] DEBUG:colcon.colcon_core.shell:Skip shell extension 'dsv' for command environment
[0.223s] DEBUG:colcon.colcon_core.event_handler.log_command:Invoking command in '/home/yevgeniy/Documents/GitHub/ros2_humble_examples/service_client/build/service_client': CMAKE_PREFIX_PATH=/opt/ros/humble /usr/bin/cmake /home/yevgeniy/Documents/GitHub/ros2_humble_examples/service_client -DCMAKE_INSTALL_PREFIX=/home/yevgeniy/Documents/GitHub/ros2_humble_examples/service_client/install/service_client
[1.007s] DEBUG:colcon.colcon_core.event_handler.log_command:Invoked command in '/home/yevgeniy/Documents/GitHub/ros2_humble_examples/service_client/build/service_client' returned '0': CMAKE_PREFIX_PATH=/opt/ros/humble /usr/bin/cmake /home/yevgeniy/Documents/GitHub/ros2_humble_examples/service_client -DCMAKE_INSTALL_PREFIX=/home/yevgeniy/Documents/GitHub/ros2_humble_examples/service_client/install/service_client
[1.007s] DEBUG:colcon.colcon_core.event_handler.log_command:Invoking command in '/home/yevgeniy/Documents/GitHub/ros2_humble_examples/service_client/build/service_client': CMAKE_PREFIX_PATH=/opt/ros/humble /usr/bin/cmake --build /home/yevgeniy/Documents/GitHub/ros2_humble_examples/service_client/build/service_client -- -j20 -l20
[2.957s] DEBUG:colcon.colcon_core.event_handler.log_command:Invoked command in '/home/yevgeniy/Documents/GitHub/ros2_humble_examples/service_client/build/service_client' returned '0': CMAKE_PREFIX_PATH=/opt/ros/humble /usr/bin/cmake --build /home/yevgeniy/Documents/GitHub/ros2_humble_examples/service_client/build/service_client -- -j20 -l20
[2.972s] DEBUG:colcon.colcon_core.event_handler.log_command:Invoking command in '/home/yevgeniy/Documents/GitHub/ros2_humble_examples/service_client/build/service_client': CMAKE_PREFIX_PATH=/opt/ros/humble /usr/bin/cmake --install /home/yevgeniy/Documents/GitHub/ros2_humble_examples/service_client/build/service_client
[2.978s] Level 1:colcon.colcon_core.environment:create_environment_scripts_only(service_client)
[2.979s] DEBUG:colcon.colcon_core.event_handler.log_command:Invoked command in '/home/yevgeniy/Documents/GitHub/ros2_humble_examples/service_client/build/service_client' returned '0': CMAKE_PREFIX_PATH=/opt/ros/humble /usr/bin/cmake --install /home/yevgeniy/Documents/GitHub/ros2_humble_examples/service_client/build/service_client
[2.981s] Level 1:colcon.colcon_core.environment:checking '/home/yevgeniy/Documents/GitHub/ros2_humble_examples/service_client/install/service_client' for CMake module files
[2.981s] Level 1:colcon.colcon_core.environment:checking '/home/yevgeniy/Documents/GitHub/ros2_humble_examples/service_client/install/service_client' for CMake config files
[2.981s] Level 1:colcon.colcon_core.shell:create_environment_hook('service_client', 'cmake_prefix_path')
[2.982s] INFO:colcon.colcon_core.shell:Creating environment hook '/home/yevgeniy/Documents/GitHub/ros2_humble_examples/service_client/install/service_client/share/service_client/hook/cmake_prefix_path.ps1'
[2.982s] INFO:colcon.colcon_core.shell:Creating environment descriptor '/home/yevgeniy/Documents/GitHub/ros2_humble_examples/service_client/install/service_client/share/service_client/hook/cmake_prefix_path.dsv'
[2.983s] INFO:colcon.colcon_core.shell:Creating environment hook '/home/yevgeniy/Documents/GitHub/ros2_humble_examples/service_client/install/service_client/share/service_client/hook/cmake_prefix_path.sh'
[2.983s] Level 1:colcon.colcon_core.environment:checking '/home/yevgeniy/Documents/GitHub/ros2_humble_examples/service_client/install/service_client/lib'
[2.983s] Level 1:colcon.colcon_core.environment:checking '/home/yevgeniy/Documents/GitHub/ros2_humble_examples/service_client/install/service_client/bin'
[2.983s] Level 1:colcon.colcon_core.environment:checking '/home/yevgeniy/Documents/GitHub/ros2_humble_examples/service_client/install/service_client/lib/pkgconfig/service_client.pc'
[2.983s] Level 1:colcon.colcon_core.environment:checking '/home/yevgeniy/Documents/GitHub/ros2_humble_examples/service_client/install/service_client/lib/python3.10/site-packages'
[2.983s] Level 1:colcon.colcon_core.environment:checking '/home/yevgeniy/Documents/GitHub/ros2_humble_examples/service_client/install/service_client/bin'
[2.984s] INFO:colcon.colcon_core.shell:Creating package script '/home/yevgeniy/Documents/GitHub/ros2_humble_examples/service_client/install/service_client/share/service_client/package.ps1'
[2.984s] INFO:colcon.colcon_core.shell:Creating package descriptor '/home/yevgeniy/Documents/GitHub/ros2_humble_examples/service_client/install/service_client/share/service_client/package.dsv'
[2.985s] INFO:colcon.colcon_core.shell:Creating package script '/home/yevgeniy/Documents/GitHub/ros2_humble_examples/service_client/install/service_client/share/service_client/package.sh'
[2.985s] INFO:colcon.colcon_core.shell:Creating package script '/home/yevgeniy/Documents/GitHub/ros2_humble_examples/service_client/install/service_client/share/service_client/package.bash'
[2.985s] INFO:colcon.colcon_core.shell:Creating package script '/home/yevgeniy/Documents/GitHub/ros2_humble_examples/service_client/install/service_client/share/service_client/package.zsh'
[2.986s] Level 1:colcon.colcon_core.environment:create_file_with_runtime_dependencies(/home/yevgeniy/Documents/GitHub/ros2_humble_examples/service_client/install/service_client/share/colcon-core/packages/service_client)
[2.998s] Level 1:colcon.colcon_core.environment:create_environment_scripts_only(service_client)
[2.999s] Level 1:colcon.colcon_core.environment:checking '/home/yevgeniy/Documents/GitHub/ros2_humble_examples/service_client/install/service_client' for CMake module files
[2.999s] Level 1:colcon.colcon_core.environment:checking '/home/yevgeniy/Documents/GitHub/ros2_humble_examples/service_client/install/service_client' for CMake config files
[3.000s] Level 1:colcon.colcon_core.shell:create_environment_hook('service_client', 'cmake_prefix_path')
[3.000s] INFO:colcon.colcon_core.shell:Creating environment hook '/home/yevgeniy/Documents/GitHub/ros2_humble_examples/service_client/install/service_client/share/service_client/hook/cmake_prefix_path.ps1'
[3.001s] INFO:colcon.colcon_core.shell:Creating environment descriptor '/home/yevgeniy/Documents/GitHub/ros2_humble_examples/service_client/install/service_client/share/service_client/hook/cmake_prefix_path.dsv'
[3.001s] INFO:colcon.colcon_core.shell:Creating environment hook '/home/yevgeniy/Documents/GitHub/ros2_humble_examples/service_client/install/service_client/share/service_client/hook/cmake_prefix_path.sh'
[3.001s] Level 1:colcon.colcon_core.environment:checking '/home/yevgeniy/Documents/GitHub/ros2_humble_examples/service_client/install/service_client/lib'
[3.001s] Level 1:colcon.colcon_core.environment:checking '/home/yevgeniy/Documents/GitHub/ros2_humble_examples/service_client/install/service_client/bin'
[3.001s] Level 1:colcon.colcon_core.environment:checking '/home/yevgeniy/Documents/GitHub/ros2_humble_examples/service_client/install/service_client/lib/pkgconfig/service_client.pc'
[3.001s] Level 1:colcon.colcon_core.environment:checking '/home/yevgeniy/Documents/GitHub/ros2_humble_examples/service_client/install/service_client/lib/python3.10/site-packages'
[3.001s] Level 1:colcon.colcon_core.environment:checking '/home/yevgeniy/Documents/GitHub/ros2_humble_examples/service_client/install/service_client/bin'
[3.002s] INFO:colcon.colcon_core.shell:Creating package script '/home/yevgeniy/Documents/GitHub/ros2_humble_examples/service_client/install/service_client/share/service_client/package.ps1'
[3.002s] INFO:colcon.colcon_core.shell:Creating package descriptor '/home/yevgeniy/Documents/GitHub/ros2_humble_examples/service_client/install/service_client/share/service_client/package.dsv'
[3.002s] INFO:colcon.colcon_core.shell:Creating package script '/home/yevgeniy/Documents/GitHub/ros2_humble_examples/service_client/install/service_client/share/service_client/package.sh'
[3.002s] INFO:colcon.colcon_core.shell:Creating package script '/home/yevgeniy/Documents/GitHub/ros2_humble_examples/service_client/install/service_client/share/service_client/package.bash'
[3.003s] INFO:colcon.colcon_core.shell:Creating package script '/home/yevgeniy/Documents/GitHub/ros2_humble_examples/service_client/install/service_client/share/service_client/package.zsh'
[3.003s] Level 1:colcon.colcon_core.environment:create_file_with_runtime_dependencies(/home/yevgeniy/Documents/GitHub/ros2_humble_examples/service_client/install/service_client/share/colcon-core/packages/service_client)
[3.003s] DEBUG:colcon.colcon_parallel_executor.executor.parallel:closing loop
[3.003s] DEBUG:colcon.colcon_parallel_executor.executor.parallel:loop closed
[3.003s] DEBUG:colcon.colcon_parallel_executor.executor.parallel:run_until_complete finished with '0'
[3.003s] DEBUG:colcon.colcon_core.event_reactor:joining thread
[3.009s] INFO:colcon.colcon_core.plugin_system:Skipping extension 'colcon_notification.desktop_notification.terminal_notifier': Not used on non-Darwin systems
[3.009s] INFO:colcon.colcon_core.plugin_system:Skipping extension 'colcon_notification.desktop_notification.win32': Not used on non-Windows systems
[3.009s] INFO:colcon.colcon_notification.desktop_notification:Sending desktop notification using 'notify2'
[3.020s] DEBUG:colcon.colcon_core.event_reactor:joined thread
[3.021s] INFO:colcon.colcon_core.shell:Creating prefix script '/home/yevgeniy/Documents/GitHub/ros2_humble_examples/service_client/install/local_setup.ps1'
[3.021s] INFO:colcon.colcon_core.shell:Creating prefix util module '/home/yevgeniy/Documents/GitHub/ros2_humble_examples/service_client/install/_local_setup_util_ps1.py'
[3.022s] INFO:colcon.colcon_core.shell:Creating prefix chain script '/home/yevgeniy/Documents/GitHub/ros2_humble_examples/service_client/install/setup.ps1'
[3.023s] INFO:colcon.colcon_core.shell:Creating prefix script '/home/yevgeniy/Documents/GitHub/ros2_humble_examples/service_client/install/local_setup.sh'
[3.023s] INFO:colcon.colcon_core.shell:Creating prefix util module '/home/yevgeniy/Documents/GitHub/ros2_humble_examples/service_client/install/_local_setup_util_sh.py'
[3.023s] INFO:colcon.colcon_core.shell:Creating prefix chain script '/home/yevgeniy/Documents/GitHub/ros2_humble_examples/service_client/install/setup.sh'
[3.024s] INFO:colcon.colcon_core.shell:Creating prefix script '/home/yevgeniy/Documents/GitHub/ros2_humble_examples/service_client/install/local_setup.bash'
[3.024s] INFO:colcon.colcon_core.shell:Creating prefix chain script '/home/yevgeniy/Documents/GitHub/ros2_humble_examples/service_client/install/setup.bash'
[3.025s] INFO:colcon.colcon_core.shell:Creating prefix script '/home/yevgeniy/Documents/GitHub/ros2_humble_examples/service_client/install/local_setup.zsh'
[3.025s] INFO:colcon.colcon_core.shell:Creating prefix chain script '/home/yevgeniy/Documents/GitHub/ros2_humble_examples/service_client/install/setup.zsh'
